<?xml version="1.0" encoding="UTF-8"?><testrun name="TestRunner" project="APIFramework" tests="6" started="6" failures="6" errors="0" ignored="0">
  <testsuite name="cucumber.Options.TestRunner" time="3.938" displayname="TestRunner" uniqueid="[engine:junit-vintage]/[runner:cucumber.Options.TestRunner]">
    <testsuite name="Validate Create Repository" time="3.938" uniqueid="[engine:junit-vintage]/[runner:cucumber.Options.TestRunner]/[test:rO0ABXNyAClpby5jdWN1bWJlci5qdW5pdC5GZWF0dXJlUnVubmVyJEZlYXR1cmVJZAAAAAAAAAABAgABTAADdXJpdAAOTGphdmEvbmV0L1VSSTt4cHNyAAxqYXZhLm5ldC5VUkmsAXguQ55JqwMAAUwABnN0cmluZ3QAEkxqYXZhL2xhbmcvU3RyaW5nO3hwdABdZmlsZTovLy9DOi9Vc2Vycy92aWNrL2VjbGlwc2Utd29ya3NwYWNlL0FQSUZyYW1ld29yay9zcmMvdGVzdC9qYXZhL2ZlYXR1cmUvY3JlYXRlUmVwby5mZWF0dXJleA==]">
      <testcase name="Verify Create Repo API #1" classname="Verify Create Repo API #1" time="2.308" uniqueid="[engine:junit-vintage]/[runner:cucumber.Options.TestRunner]/[test:rO0ABXNyAClpby5jdWN1bWJlci5qdW5pdC5GZWF0dXJlUnVubmVyJEZlYXR1cmVJZAAAAAAAAAABAgABTAADdXJpdAAOTGphdmEvbmV0L1VSSTt4cHNyAAxqYXZhLm5ldC5VUkmsAXguQ55JqwMAAUwABnN0cmluZ3QAEkxqYXZhL2xhbmcvU3RyaW5nO3hwdABdZmlsZTovLy9DOi9Vc2Vycy92aWNrL2VjbGlwc2Utd29ya3NwYWNlL0FQSUZyYW1ld29yay9zcmMvdGVzdC9qYXZhL2ZlYXR1cmUvY3JlYXRlUmVwby5mZWF0dXJleA==]/[test:rO0ABXNyAChpby5jdWN1bWJlci5qdW5pdC5QaWNrbGVSdW5uZXJzJFBpY2tsZUlkAAAAAAAAAAECAAJJAApwaWNrbGVMaW5lTAADdXJpdAAOTGphdmEvbmV0L1VSSTt4cAAAABBzcgAMamF2YS5uZXQuVVJJrAF4LkOeSasDAAFMAAZzdHJpbmd0ABJMamF2YS9sYW5nL1N0cmluZzt4cHQAXWZpbGU6Ly8vQzovVXNlcnMvdmljay9lY2xpcHNlLXdvcmtzcGFjZS9BUElGcmFtZXdvcmsvc3JjL3Rlc3QvamF2YS9mZWF0dXJlL2NyZWF0ZVJlcG8uZmVhdHVyZXg=]">
        <failure>java.lang.AssertionError: expected:&lt;201&gt; but was:&lt;401&gt;&#13;
	at stepDefinitions.stepDefinitions.api_call_is_successful_with_status_code(stepDefinitions.java:72)&#13;
	at ✽.API Call is Successful with 201 status code(file:///C:/Users/vick/eclipse-workspace/APIFramework/src/test/java/feature/createRepo.feature:9)&#13;
&#13;
</failure>
      </testcase>
      <testcase name="Verify Create Repo API #2" classname="Verify Create Repo API #2" time="0.268" uniqueid="[engine:junit-vintage]/[runner:cucumber.Options.TestRunner]/[test:rO0ABXNyAClpby5jdWN1bWJlci5qdW5pdC5GZWF0dXJlUnVubmVyJEZlYXR1cmVJZAAAAAAAAAABAgABTAADdXJpdAAOTGphdmEvbmV0L1VSSTt4cHNyAAxqYXZhLm5ldC5VUkmsAXguQ55JqwMAAUwABnN0cmluZ3QAEkxqYXZhL2xhbmcvU3RyaW5nO3hwdABdZmlsZTovLy9DOi9Vc2Vycy92aWNrL2VjbGlwc2Utd29ya3NwYWNlL0FQSUZyYW1ld29yay9zcmMvdGVzdC9qYXZhL2ZlYXR1cmUvY3JlYXRlUmVwby5mZWF0dXJleA==]/[test:rO0ABXNyAChpby5jdWN1bWJlci5qdW5pdC5QaWNrbGVSdW5uZXJzJFBpY2tsZUlkAAAAAAAAAAECAAJJAApwaWNrbGVMaW5lTAADdXJpdAAOTGphdmEvbmV0L1VSSTt4cAAAABFzcgAMamF2YS5uZXQuVVJJrAF4LkOeSasDAAFMAAZzdHJpbmd0ABJMamF2YS9sYW5nL1N0cmluZzt4cHQAXWZpbGU6Ly8vQzovVXNlcnMvdmljay9lY2xpcHNlLXdvcmtzcGFjZS9BUElGcmFtZXdvcmsvc3JjL3Rlc3QvamF2YS9mZWF0dXJlL2NyZWF0ZVJlcG8uZmVhdHVyZXg=]">
        <failure>java.lang.AssertionError: expected:&lt;201&gt; but was:&lt;401&gt;&#13;
	at stepDefinitions.stepDefinitions.api_call_is_successful_with_status_code(stepDefinitions.java:72)&#13;
	at ✽.API Call is Successful with 201 status code(file:///C:/Users/vick/eclipse-workspace/APIFramework/src/test/java/feature/createRepo.feature:9)&#13;
&#13;
</failure>
      </testcase>
      <testcase name="Verify Create Repo API #3" classname="Verify Create Repo API #3" time="0.582" uniqueid="[engine:junit-vintage]/[runner:cucumber.Options.TestRunner]/[test:rO0ABXNyAClpby5jdWN1bWJlci5qdW5pdC5GZWF0dXJlUnVubmVyJEZlYXR1cmVJZAAAAAAAAAABAgABTAADdXJpdAAOTGphdmEvbmV0L1VSSTt4cHNyAAxqYXZhLm5ldC5VUkmsAXguQ55JqwMAAUwABnN0cmluZ3QAEkxqYXZhL2xhbmcvU3RyaW5nO3hwdABdZmlsZTovLy9DOi9Vc2Vycy92aWNrL2VjbGlwc2Utd29ya3NwYWNlL0FQSUZyYW1ld29yay9zcmMvdGVzdC9qYXZhL2ZlYXR1cmUvY3JlYXRlUmVwby5mZWF0dXJleA==]/[test:rO0ABXNyAChpby5jdWN1bWJlci5qdW5pdC5QaWNrbGVSdW5uZXJzJFBpY2tsZUlkAAAAAAAAAAECAAJJAApwaWNrbGVMaW5lTAADdXJpdAAOTGphdmEvbmV0L1VSSTt4cAAAABJzcgAMamF2YS5uZXQuVVJJrAF4LkOeSasDAAFMAAZzdHJpbmd0ABJMamF2YS9sYW5nL1N0cmluZzt4cHQAXWZpbGU6Ly8vQzovVXNlcnMvdmljay9lY2xpcHNlLXdvcmtzcGFjZS9BUElGcmFtZXdvcmsvc3JjL3Rlc3QvamF2YS9mZWF0dXJlL2NyZWF0ZVJlcG8uZmVhdHVyZXg=]">
        <failure>java.lang.AssertionError: expected:&lt;201&gt; but was:&lt;401&gt;&#13;
	at stepDefinitions.stepDefinitions.api_call_is_successful_with_status_code(stepDefinitions.java:72)&#13;
	at ✽.API Call is Successful with 201 status code(file:///C:/Users/vick/eclipse-workspace/APIFramework/src/test/java/feature/createRepo.feature:9)&#13;
&#13;
</failure>
      </testcase>
      <testcase name="Verify Delete Repo API #1" classname="Verify Delete Repo API #1" time="0.259" uniqueid="[engine:junit-vintage]/[runner:cucumber.Options.TestRunner]/[test:rO0ABXNyAClpby5jdWN1bWJlci5qdW5pdC5GZWF0dXJlUnVubmVyJEZlYXR1cmVJZAAAAAAAAAABAgABTAADdXJpdAAOTGphdmEvbmV0L1VSSTt4cHNyAAxqYXZhLm5ldC5VUkmsAXguQ55JqwMAAUwABnN0cmluZ3QAEkxqYXZhL2xhbmcvU3RyaW5nO3hwdABdZmlsZTovLy9DOi9Vc2Vycy92aWNrL2VjbGlwc2Utd29ya3NwYWNlL0FQSUZyYW1ld29yay9zcmMvdGVzdC9qYXZhL2ZlYXR1cmUvY3JlYXRlUmVwby5mZWF0dXJleA==]/[test:rO0ABXNyAChpby5jdWN1bWJlci5qdW5pdC5QaWNrbGVSdW5uZXJzJFBpY2tsZUlkAAAAAAAAAAECAAJJAApwaWNrbGVMaW5lTAADdXJpdAAOTGphdmEvbmV0L1VSSTt4cAAAAB5zcgAMamF2YS5uZXQuVVJJrAF4LkOeSasDAAFMAAZzdHJpbmd0ABJMamF2YS9sYW5nL1N0cmluZzt4cHQAXWZpbGU6Ly8vQzovVXNlcnMvdmljay9lY2xpcHNlLXdvcmtzcGFjZS9BUElGcmFtZXdvcmsvc3JjL3Rlc3QvamF2YS9mZWF0dXJlL2NyZWF0ZVJlcG8uZmVhdHVyZXg=]">
        <failure>java.lang.AssertionError: expected:&lt;204&gt; but was:&lt;401&gt;&#13;
	at stepDefinitions.stepDefinitions.api_call_is_successful_with_status_code(stepDefinitions.java:72)&#13;
	at ✽.API Call is Successful with 204 status code(file:///C:/Users/vick/eclipse-workspace/APIFramework/src/test/java/feature/createRepo.feature:25)&#13;
&#13;
</failure>
      </testcase>
      <testcase name="Verify Delete Repo API #2" classname="Verify Delete Repo API #2" time="0.278" uniqueid="[engine:junit-vintage]/[runner:cucumber.Options.TestRunner]/[test:rO0ABXNyAClpby5jdWN1bWJlci5qdW5pdC5GZWF0dXJlUnVubmVyJEZlYXR1cmVJZAAAAAAAAAABAgABTAADdXJpdAAOTGphdmEvbmV0L1VSSTt4cHNyAAxqYXZhLm5ldC5VUkmsAXguQ55JqwMAAUwABnN0cmluZ3QAEkxqYXZhL2xhbmcvU3RyaW5nO3hwdABdZmlsZTovLy9DOi9Vc2Vycy92aWNrL2VjbGlwc2Utd29ya3NwYWNlL0FQSUZyYW1ld29yay9zcmMvdGVzdC9qYXZhL2ZlYXR1cmUvY3JlYXRlUmVwby5mZWF0dXJleA==]/[test:rO0ABXNyAChpby5jdWN1bWJlci5qdW5pdC5QaWNrbGVSdW5uZXJzJFBpY2tsZUlkAAAAAAAAAAECAAJJAApwaWNrbGVMaW5lTAADdXJpdAAOTGphdmEvbmV0L1VSSTt4cAAAAB9zcgAMamF2YS5uZXQuVVJJrAF4LkOeSasDAAFMAAZzdHJpbmd0ABJMamF2YS9sYW5nL1N0cmluZzt4cHQAXWZpbGU6Ly8vQzovVXNlcnMvdmljay9lY2xpcHNlLXdvcmtzcGFjZS9BUElGcmFtZXdvcmsvc3JjL3Rlc3QvamF2YS9mZWF0dXJlL2NyZWF0ZVJlcG8uZmVhdHVyZXg=]">
        <failure>java.lang.AssertionError: expected:&lt;204&gt; but was:&lt;401&gt;&#13;
	at stepDefinitions.stepDefinitions.api_call_is_successful_with_status_code(stepDefinitions.java:72)&#13;
	at ✽.API Call is Successful with 204 status code(file:///C:/Users/vick/eclipse-workspace/APIFramework/src/test/java/feature/createRepo.feature:25)&#13;
&#13;
</failure>
      </testcase>
      <testcase name="Verify Delete Repo API #3" classname="Verify Delete Repo API #3" time="0.241" uniqueid="[engine:junit-vintage]/[runner:cucumber.Options.TestRunner]/[test:rO0ABXNyAClpby5jdWN1bWJlci5qdW5pdC5GZWF0dXJlUnVubmVyJEZlYXR1cmVJZAAAAAAAAAABAgABTAADdXJpdAAOTGphdmEvbmV0L1VSSTt4cHNyAAxqYXZhLm5ldC5VUkmsAXguQ55JqwMAAUwABnN0cmluZ3QAEkxqYXZhL2xhbmcvU3RyaW5nO3hwdABdZmlsZTovLy9DOi9Vc2Vycy92aWNrL2VjbGlwc2Utd29ya3NwYWNlL0FQSUZyYW1ld29yay9zcmMvdGVzdC9qYXZhL2ZlYXR1cmUvY3JlYXRlUmVwby5mZWF0dXJleA==]/[test:rO0ABXNyAChpby5jdWN1bWJlci5qdW5pdC5QaWNrbGVSdW5uZXJzJFBpY2tsZUlkAAAAAAAAAAECAAJJAApwaWNrbGVMaW5lTAADdXJpdAAOTGphdmEvbmV0L1VSSTt4cAAAACBzcgAMamF2YS5uZXQuVVJJrAF4LkOeSasDAAFMAAZzdHJpbmd0ABJMamF2YS9sYW5nL1N0cmluZzt4cHQAXWZpbGU6Ly8vQzovVXNlcnMvdmljay9lY2xpcHNlLXdvcmtzcGFjZS9BUElGcmFtZXdvcmsvc3JjL3Rlc3QvamF2YS9mZWF0dXJlL2NyZWF0ZVJlcG8uZmVhdHVyZXg=]">
        <failure>java.lang.AssertionError: expected:&lt;204&gt; but was:&lt;401&gt;&#13;
	at stepDefinitions.stepDefinitions.api_call_is_successful_with_status_code(stepDefinitions.java:72)&#13;
	at ✽.API Call is Successful with 204 status code(file:///C:/Users/vick/eclipse-workspace/APIFramework/src/test/java/feature/createRepo.feature:25)&#13;
&#13;
</failure>
      </testcase>
    </testsuite>
  </testsuite>
</testrun>
