<?xml version="1.0" encoding="UTF-8"?>
<!-- Generated by org.testng.reporters.JUnitXMLReporter -->
<testsuite ignored="0" hostname="Dell210221" failures="0" tests="3" name="Facebook Profile" time="0.008" errors="0" timestamp="2023-12-20T10:22:32 GMT">
  <testcase classname="FacebookProfile" name="updateAge" time="0.001"/>
  <testcase classname="FacebookProfile" name="updateEmail" time="0.001"/>
  <testcase classname="FacebookProfile" name="updateName" time="0.001"/>
</testsuite> <!-- Facebook Profile -->
