<?xml version="1.0" encoding="UTF-8"?>
<testng-results ignored="0" total="8" passed="8" failed="0" skipped="0">
  <reporter-output>
  </reporter-output>
  <suite started-at="2023-12-20T15:23:42 GMT" name="Test Parameters" finished-at="2023-12-20T15:23:42 GMT" duration-ms="6">
    <groups>
    </groups>
    <test started-at="2023-12-20T15:23:42 GMT" name="Test Parameter via XML File" finished-at="2023-12-20T15:23:42 GMT" duration-ms="6">
      <class name="com.testing.training.TestParameters">
        <test-method signature="testCaseOne(java.lang.String)[pri:0, instance:com.testing.training.TestParameters@52af26ee]" started-at="2023-12-20T15:23:42 GMT" name="testCaseOne" finished-at="2023-12-20T15:23:42 GMT" duration-ms="1" status="PASS">
          <params>
            <param index="0">
              <value>
                <![CDATA[Chrome]]>
              </value>
            </param>
          </params>
          <reporter-output>
          </reporter-output>
        </test-method> <!-- testCaseOne -->
        <test-method signature="testCaseTwo(java.lang.String,java.lang.String)[pri:0, instance:com.testing.training.TestParameters@52af26ee]" started-at="2023-12-20T15:23:42 GMT" name="testCaseTwo" finished-at="2023-12-20T15:23:42 GMT" duration-ms="1" status="PASS">
          <params>
            <param index="0">
              <value>
                <![CDATA[Vick]]>
              </value>
            </param>
            <param index="1">
              <value>
                <![CDATA[default]]>
              </value>
            </param>
          </params>
          <reporter-output>
          </reporter-output>
        </test-method> <!-- testCaseTwo -->
      </class> <!-- com.testing.training.TestParameters -->
    </test> <!-- Test Parameter via XML File -->
  </suite> <!-- Test Parameters -->
  <suite started-at="2023-12-20T15:23:42 GMT" name="TestNG Sample" finished-at="2023-12-20T15:23:42 GMT" duration-ms="40">
    <groups>
    </groups>
    <test started-at="2023-12-20T15:23:42 GMT" name="Sample" finished-at="2023-12-20T15:23:42 GMT" duration-ms="40">
      <class name="executionorder.SampleTestngUsage">
        <test-method is-config="true" signature="beforeSuite()[pri:0, instance:executionorder.SampleTestngUsage@3e84448c]" started-at="2023-12-20T15:23:42 GMT" name="beforeSuite" finished-at="2023-12-20T15:23:42 GMT" duration-ms="7" status="PASS">
          <reporter-output>
          </reporter-output>
        </test-method> <!-- beforeSuite -->
        <test-method is-config="true" signature="beforeTest()[pri:0, instance:executionorder.SampleTestngUsage@3e84448c]" started-at="2023-12-20T15:23:42 GMT" name="beforeTest" finished-at="2023-12-20T15:23:42 GMT" duration-ms="0" status="PASS">
          <reporter-output>
          </reporter-output>
        </test-method> <!-- beforeTest -->
      </class> <!-- executionorder.SampleTestngUsage -->
      <class name="executionorder.AnnotationTest">
        <test-method is-config="true" signature="beforeClass()[pri:0, instance:executionorder.AnnotationTest@16a0ee18]" started-at="2023-12-20T15:23:42 GMT" name="beforeClass" finished-at="2023-12-20T15:23:42 GMT" duration-ms="1" status="PASS">
          <reporter-output>
          </reporter-output>
        </test-method> <!-- beforeClass -->
        <test-method is-config="true" signature="beforeMethod()[pri:0, instance:executionorder.AnnotationTest@16a0ee18]" started-at="2023-12-20T15:23:42 GMT" name="beforeMethod" finished-at="2023-12-20T15:23:42 GMT" duration-ms="0" status="PASS">
          <reporter-output>
          </reporter-output>
        </test-method> <!-- beforeMethod -->
        <test-method signature="firstTest()[pri:0, instance:executionorder.AnnotationTest@16a0ee18]" started-at="2023-12-20T15:23:42 GMT" name="firstTest" finished-at="2023-12-20T15:23:42 GMT" duration-ms="5" status="PASS">
          <reporter-output>
          </reporter-output>
        </test-method> <!-- firstTest -->
        <test-method is-config="true" signature="afterMethod()[pri:0, instance:executionorder.AnnotationTest@16a0ee18]" started-at="2023-12-20T15:23:42 GMT" name="afterMethod" finished-at="2023-12-20T15:23:42 GMT" duration-ms="1" status="PASS">
          <reporter-output>
          </reporter-output>
        </test-method> <!-- afterMethod -->
        <test-method is-config="true" signature="afterClass()[pri:0, instance:executionorder.AnnotationTest@16a0ee18]" started-at="2023-12-20T15:23:42 GMT" name="afterClass" finished-at="2023-12-20T15:23:42 GMT" duration-ms="0" status="PASS">
          <reporter-output>
          </reporter-output>
        </test-method> <!-- afterClass -->
        <test-method is-config="true" signature="afterTest()[pri:0, instance:executionorder.AnnotationTest@16a0ee18]" started-at="2023-12-20T15:23:42 GMT" name="afterTest" finished-at="2023-12-20T15:23:42 GMT" duration-ms="0" status="PASS">
          <reporter-output>
          </reporter-output>
        </test-method> <!-- afterTest -->
        <test-method is-config="true" signature="afterSuite()[pri:0, instance:executionorder.AnnotationTest@16a0ee18]" started-at="2023-12-20T15:23:42 GMT" name="afterSuite" finished-at="2023-12-20T15:23:42 GMT" duration-ms="0" status="PASS">
          <reporter-output>
          </reporter-output>
        </test-method> <!-- afterSuite -->
      </class> <!-- executionorder.AnnotationTest -->
    </test> <!-- Sample -->
  </suite> <!-- TestNG Sample -->
  <suite started-at="2023-12-20T15:23:42 GMT" name="Data Provider Suite" finished-at="2023-12-20T15:23:43 GMT" duration-ms="33">
    <groups>
    </groups>
    <test started-at="2023-12-20T15:23:42 GMT" name="Unit Test" finished-at="2023-12-20T15:23:42 GMT" duration-ms="15">
      <class name="com.testng.dataprovider.DataProviderParameterExample">
        <test-method signature="commonScenarios(java.lang.String)[pri:0, instance:com.testng.dataprovider.DataProviderParameterExample@593aaf41]" started-at="2023-12-20T15:23:42 GMT" name="commonScenarios" data-provider="scenarioData" finished-at="2023-12-20T15:23:42 GMT" duration-ms="2" status="PASS">
          <params>
            <param index="0">
              <value>
                <![CDATA[Common scenario Data]]>
              </value>
            </param>
          </params>
          <reporter-output>
          </reporter-output>
        </test-method> <!-- commonScenarios -->
        <test-method signature="scenario1(java.lang.String)[pri:0, instance:com.testng.dataprovider.DataProviderParameterExample@593aaf41]" started-at="2023-12-20T15:23:42 GMT" name="scenario1" data-provider="scenarioData" finished-at="2023-12-20T15:23:42 GMT" duration-ms="1" status="PASS">
          <params>
            <param index="0">
              <value>
                <![CDATA[Scenario1 Data]]>
              </value>
            </param>
          </params>
          <reporter-output>
          </reporter-output>
        </test-method> <!-- scenario1 -->
        <test-method signature="scenario2(java.lang.String)[pri:0, instance:com.testng.dataprovider.DataProviderParameterExample@593aaf41]" started-at="2023-12-20T15:23:42 GMT" name="scenario2" data-provider="scenarioData" finished-at="2023-12-20T15:23:42 GMT" duration-ms="2" status="PASS">
          <params>
            <param index="0">
              <value>
                <![CDATA[Scenario2 Data]]>
              </value>
            </param>
          </params>
          <reporter-output>
          </reporter-output>
        </test-method> <!-- scenario2 -->
      </class> <!-- com.testng.dataprovider.DataProviderParameterExample -->
    </test> <!-- Unit Test -->
    <test started-at="2023-12-20T15:23:43 GMT" name="IntegrationLevel" finished-at="2023-12-20T15:23:43 GMT" duration-ms="4">
      <class name="com.testng.dataprovider.DataProviderIntegrationExample">
        <test-method signature="integrationTest(java.lang.String)[pri:0, instance:com.testng.dataprovider.DataProviderIntegrationExample@2805d709]" started-at="2023-12-20T15:23:43 GMT" name="integrationTest" data-provider="TestType" finished-at="2023-12-20T15:23:43 GMT" duration-ms="2" status="PASS">
          <params>
            <param index="0">
              <value>
                <![CDATA[Integration Test Data]]>
              </value>
            </param>
          </params>
          <reporter-output>
          </reporter-output>
        </test-method> <!-- integrationTest -->
      </class> <!-- com.testng.dataprovider.DataProviderIntegrationExample -->
    </test> <!-- IntegrationLevel -->
    <test started-at="2023-12-20T15:23:43 GMT" name="AcceptanceLevel" finished-at="2023-12-20T15:23:43 GMT" duration-ms="6">
      <class name="com.testng.dataprovider.DataProviderAcceptanceExample">
        <test-method signature="acceptanceTest(java.lang.String)[pri:0, instance:com.testng.dataprovider.DataProviderAcceptanceExample@316bcf94]" started-at="2023-12-20T15:23:43 GMT" name="acceptanceTest" data-provider="TestType" finished-at="2023-12-20T15:23:43 GMT" duration-ms="1" status="PASS">
          <params>
            <param index="0">
              <value>
                <![CDATA[Acceptance Test Data]]>
              </value>
            </param>
          </params>
          <reporter-output>
          </reporter-output>
        </test-method> <!-- acceptanceTest -->
      </class> <!-- com.testng.dataprovider.DataProviderAcceptanceExample -->
    </test> <!-- AcceptanceLevel -->
  </suite> <!-- Data Provider Suite -->
  <suite started-at="2023-12-20T15:23:43 GMT" name="Multiple Test Suites" finished-at="2023-12-20T15:23:43 GMT" duration-ms="0">
    <groups>
    </groups>
  </suite> <!-- Multiple Test Suites -->
</testng-results>
