<?xml version="1.0" encoding="UTF-8"?>
<testsuite xmlns:xsi="http://www.w3.org/2001/XMLSchema-instance" xsi:schemaLocation="https://maven.apache.org/surefire/maven-surefire-plugin/xsd/surefire-test-report.xsd" name="cucumber.Options.TestRunner" time="4.493" tests="6" errors="0" skipped="0" failures="6">
  <properties>
[...]
</properties>
  <testcase name="Verify Create Repo API #1" classname="Validate Create Repository" time="2.269">
    <failure message="expected:&lt;201&gt; but was:&lt;401&gt;" type="java.lang.AssertionError"><![CDATA[java.lang.AssertionError: expected:<201> but was:<401>
]]></failure>
    <system-out><![CDATA[2024-01-14 06:55:07,017 INFO  - ****************************************************************************************
2024-01-14 06:55:07,018 INFO  - ****************************************************************************************
2024-01-14 06:55:07,018 INFO  - $$$$$$$$$$$$$$$$$$$$$            Verify Create Repo API         $$$$$$$$$$$$$$$$$$$$$$$$$
2024-01-14 06:55:07,018 INFO  - ****************************************************************************************
2024-01-14 06:55:07,018 INFO  - ****************************************************************************************
2024-01-14 06:55:07,249 INFO  - BaseURI is - https://api.github.com/user/repos
2024-01-14 06:55:07,249 INFO  - Payload to be sent is {
  "name" : "repo1",
  "description" : "DDT repo1"
}
2024-01-14 06:55:09,178 INFO  - Response of request is {"message":"Bad credentials","documentation_url":"https://docs.github.com/rest"}
2024-01-14 06:55:09,178 INFO  - Post status code is 401
]]></system-out>
  </testcase>
  <testcase name="Verify Create Repo API #2" classname="Validate Create Repository" time="0.32">
    <failure message="expected:&lt;201&gt; but was:&lt;401&gt;" type="java.lang.AssertionError"><![CDATA[java.lang.AssertionError: expected:<201> but was:<401>
]]></failure>
    <system-out><![CDATA[2024-01-14 06:55:09,192 INFO  - ****************************************************************************************
2024-01-14 06:55:09,193 INFO  - ****************************************************************************************
2024-01-14 06:55:09,193 INFO  - $$$$$$$$$$$$$$$$$$$$$            Verify Create Repo API         $$$$$$$$$$$$$$$$$$$$$$$$$
2024-01-14 06:55:09,193 INFO  - ****************************************************************************************
2024-01-14 06:55:09,193 INFO  - ****************************************************************************************
2024-01-14 06:55:09,194 INFO  - BaseURI is - https://api.github.com/user/repos
2024-01-14 06:55:09,194 INFO  - Payload to be sent is {
  "name" : "repo2",
  "description" : "DDT repo2"
}
2024-01-14 06:55:09,504 INFO  - Response of request is {"message":"Bad credentials","documentation_url":"https://docs.github.com/rest"}
2024-01-14 06:55:09,504 INFO  - Post status code is 401
]]></system-out>
  </testcase>
  <testcase name="Verify Create Repo API #3" classname="Validate Create Repository" time="0.338">
    <failure message="expected:&lt;201&gt; but was:&lt;401&gt;" type="java.lang.AssertionError"><![CDATA[java.lang.AssertionError: expected:<201> but was:<401>
]]></failure>
    <system-out><![CDATA[2024-01-14 06:55:09,521 INFO  - ****************************************************************************************
2024-01-14 06:55:09,521 INFO  - ****************************************************************************************
2024-01-14 06:55:09,522 INFO  - $$$$$$$$$$$$$$$$$$$$$            Verify Create Repo API         $$$$$$$$$$$$$$$$$$$$$$$$$
2024-01-14 06:55:09,522 INFO  - ****************************************************************************************
2024-01-14 06:55:09,522 INFO  - ****************************************************************************************
2024-01-14 06:55:09,523 INFO  - BaseURI is - https://api.github.com/user/repos
2024-01-14 06:55:09,524 INFO  - Payload to be sent is {
  "name" : "repo3",
  "description" : "DDT repo3"
}
2024-01-14 06:55:09,842 INFO  - Response of request is {"message":"Bad credentials","documentation_url":"https://docs.github.com/rest"}
2024-01-14 06:55:09,843 INFO  - Post status code is 401
]]></system-out>
  </testcase>
  <testcase name="Verify Delete Repo API #1" classname="Validate Create Repository" time="0.339">
    <failure message="expected:&lt;204&gt; but was:&lt;401&gt;" type="java.lang.AssertionError"><![CDATA[java.lang.AssertionError: expected:<204> but was:<401>
]]></failure>
    <system-out><![CDATA[2024-01-14 06:55:09,856 INFO  - ****************************************************************************************
2024-01-14 06:55:09,856 INFO  - ****************************************************************************************
2024-01-14 06:55:09,856 INFO  - $$$$$$$$$$$$$$$$$$$$$            Verify Delete Repo API         $$$$$$$$$$$$$$$$$$$$$$$$$
2024-01-14 06:55:09,856 INFO  - ****************************************************************************************
2024-01-14 06:55:09,857 INFO  - ****************************************************************************************
2024-01-14 06:55:09,858 INFO  - Delete URI is - https://api.github.com/repos/bhudiavick/repo1
2024-01-14 06:55:10,184 INFO  - Delete status code is 401
]]></system-out>
  </testcase>
  <testcase name="Verify Delete Repo API #2" classname="Validate Create Repository" time="0.317">
    <failure message="expected:&lt;204&gt; but was:&lt;401&gt;" type="java.lang.AssertionError"><![CDATA[java.lang.AssertionError: expected:<204> but was:<401>
]]></failure>
    <system-out><![CDATA[2024-01-14 06:55:10,189 INFO  - ****************************************************************************************
2024-01-14 06:55:10,189 INFO  - ****************************************************************************************
2024-01-14 06:55:10,189 INFO  - $$$$$$$$$$$$$$$$$$$$$            Verify Delete Repo API         $$$$$$$$$$$$$$$$$$$$$$$$$
2024-01-14 06:55:10,189 INFO  - ****************************************************************************************
2024-01-14 06:55:10,189 INFO  - ****************************************************************************************
2024-01-14 06:55:10,189 INFO  - Delete URI is - https://api.github.com/repos/bhudiavick/repo2
2024-01-14 06:55:10,499 INFO  - Delete status code is 401
]]></system-out>
  </testcase>
  <testcase name="Verify Delete Repo API #3" classname="Validate Create Repository" time="0.346">
    <failure message="expected:&lt;204&gt; but was:&lt;401&gt;" type="java.lang.AssertionError"><![CDATA[java.lang.AssertionError: expected:<204> but was:<401>
]]></failure>
    <system-out><![CDATA[2024-01-14 06:55:10,513 INFO  - ****************************************************************************************
2024-01-14 06:55:10,513 INFO  - ****************************************************************************************
2024-01-14 06:55:10,513 INFO  - $$$$$$$$$$$$$$$$$$$$$            Verify Delete Repo API         $$$$$$$$$$$$$$$$$$$$$$$$$
2024-01-14 06:55:10,513 INFO  - ****************************************************************************************
2024-01-14 06:55:10,513 INFO  - ****************************************************************************************
2024-01-14 06:55:10,515 INFO  - Delete URI is - https://api.github.com/repos/bhudiavick/repo3
2024-01-14 06:55:10,845 INFO  - Delete status code is 401
]]></system-out>
  </testcase>
</testsuite>