<?xml version="1.0" encoding="UTF-8"?>
<!-- Generated by org.testng.reporters.JUnitXMLReporter -->
<testsuite ignored="0" hostname="Dell210221" failures="0" tests="3" name="Unit Test" time="0.015" errors="0" timestamp="2023-12-20T15:23:42 GMT">
  <testcase classname="com.testng.dataprovider.DataProviderParameterExample" name="commonScenarios" time="0.002"/>
  <testcase classname="com.testng.dataprovider.DataProviderParameterExample" name="scenario1" time="0.001"/>
  <testcase classname="com.testng.dataprovider.DataProviderParameterExample" name="scenario2" time="0.002"/>
</testsuite> <!-- Unit Test -->
