<?xml version="1.0" encoding="UTF-8"?>
<testng-results ignored="0" total="4" passed="4" failed="0" skipped="0">
  <reporter-output>
  </reporter-output>
  <suite started-at="2024-01-05T07:22:40 GMT" name="Default suite" finished-at="2024-01-05T07:22:47 GMT" duration-ms="6640">
    <groups>
    </groups>
    <test started-at="2024-01-05T07:22:40 GMT" name="Default test" finished-at="2024-01-05T07:22:47 GMT" duration-ms="6640">
      <class name="basic.testcase.createRepoTest">
        <test-method signature="createRepoTestCaseUsingPojo()[pri:0, instance:basic.testcase.createRepoTest@25084a1e]" started-at="2024-01-05T07:22:41 GMT" name="createRepoTestCaseUsingPojo" finished-at="2024-01-05T07:22:45 GMT" duration-ms="4481" status="PASS">
          <reporter-output>
          </reporter-output>
        </test-method> <!-- createRepoTestCaseUsingPojo -->
        <test-method signature="createRepositoryTestCase()[pri:0, instance:basic.testcase.createRepoTest@25084a1e]" started-at="2024-01-05T07:22:45 GMT" name="createRepositoryTestCase" finished-at="2024-01-05T07:22:46 GMT" duration-ms="1036" status="PASS">
          <reporter-output>
          </reporter-output>
        </test-method> <!-- createRepositoryTestCase -->
        <test-method signature="deleteRepo()[pri:0, instance:basic.testcase.createRepoTest@25084a1e]" started-at="2024-01-05T07:22:46 GMT" name="deleteRepo" finished-at="2024-01-05T07:22:47 GMT" duration-ms="510" status="PASS">
          <reporter-output>
          </reporter-output>
        </test-method> <!-- deleteRepo -->
        <test-method signature="deleteRepoFromPOJO()[pri:0, instance:basic.testcase.createRepoTest@25084a1e]" started-at="2024-01-05T07:22:47 GMT" name="deleteRepoFromPOJO" finished-at="2024-01-05T07:22:47 GMT" duration-ms="563" status="PASS">
          <reporter-output>
          </reporter-output>
        </test-method> <!-- deleteRepoFromPOJO -->
      </class> <!-- basic.testcase.createRepoTest -->
    </test> <!-- Default test -->
  </suite> <!-- Default suite -->
</testng-results>
