<?xml version="1.0" encoding="UTF-8"?>
<!-- Generated by org.testng.reporters.JUnitXMLReporter -->
<testsuite ignored="0" hostname="Dell210221" failures="0" tests="2" name="Test Parameter via XML File" time="0.006" errors="0" timestamp="2023-12-20T15:23:42 GMT">
  <testcase classname="com.testing.training.TestParameters" name="testCaseOne" time="0.001"/>
  <testcase classname="com.testing.training.TestParameters" name="testCaseTwo" time="0.001"/>
</testsuite> <!-- Test Parameter via XML File -->
