<?xml version="1.0" encoding="UTF-8"?>
<!-- Generated by org.testng.reporters.JUnitXMLReporter -->
<testsuite ignored="0" hostname="Dell210221" failures="0" tests="4" name="Default test" time="6.64" errors="0" timestamp="2024-01-05T07:22:47 GMT">
  <testcase classname="basic.testcase.createRepoTest" name="createRepoTestCaseUsingPojo" time="4.481"/>
  <testcase classname="basic.testcase.createRepoTest" name="createRepositoryTestCase" time="1.036"/>
  <testcase classname="basic.testcase.createRepoTest" name="deleteRepo" time="0.51"/>
  <testcase classname="basic.testcase.createRepoTest" name="deleteRepoFromPOJO" time="0.563"/>
</testsuite> <!-- Default test -->
