<?xml version="1.0" encoding="UTF-8"?>
<!-- Generated by org.testng.reporters.JUnitXMLReporter -->
<testsuite ignored="2" hostname="Dell210221" failures="0" tests="2" name="Group functionality" time="0.095" errors="0" timestamp="2023-12-19T14:40:34 GMT">
  <testcase classname="com.testing.training.TestCaseGrouping" name="testCaseOne" time="0.013"/>
  <testcase classname="com.testing.training.TestCaseGrouping" name="testCaseTwo" time="0.001"/>
  <testcase classname="com.testing.training.TestCaseGrouping" name="testCaseFour" time="0.0">
    <ignored/>
  </testcase> <!-- testCaseFour -->
  <testcase classname="com.testing.training.TestCaseGrouping" name="testCaseThree" time="0.0">
    <ignored/>
  </testcase> <!-- testCaseThree -->
</testsuite> <!-- Group functionality -->
